------------------------------- FPI2018++ -------------------------------
---Протокол--- Дата: Wed Nov 14 17:14:29 2018

---Параметры--- 
-in: in.txt
-out: in.txt.asm
-log: in.txt.log
---Лексический анализатор---
01   tfi(ti,ti)
01     {
02     ti=ivivl;
03     ri;
04     }
05     m
06     {
07     t
08     i=l;
09     ti=l;
010     ti=i;
011     ti=l;
012     b(isi)
013     {
014     ti=i(i);
015     ti=i(i);
016     }
017     x
018     (i=l;isl;i=ivt)
019     {
020     b(isl)
021     {
022     i=l;
023     }
024     a{
025     i=ivl;
026     }
027     }
028     oi;
029     }
030     
Таблица идентификаторов
------------------------------------------------------------------------------------------------------------------------
   № | Идентификатор | Тип данных | Тип идентификатора | Индекс в ТЛ |  Область видимости   | Значение    
------------------------------------------------------------------------------------------------------------------------
0000 | add           | integer    | функция            | 2           | -                    | -
0001 | a             | integer    | параметр           | 6           | В локальной функции  | -
0002 | b             | integer    | параметр           | 9           | В локальной функции  | -
0003 | c             | float      | переменная         | 13          | В локальной функции  | 0                 
0004 | FL LIT        | float      | литерал            | 19          | -                    | 12.43             
0005 | program       | integer    | функция            | 24          | -                    | -
0006 | abcdq         | float      | переменная         | 28          | В локальной функции  | 0                 
0007 | FL LIT        | float      | литерал            | 30          | -                    | 3.54              
0008 | kek           | string     | переменная         | 33          | В локальной функции  | [0] ""
0009 | STR LIT       | string     | литерал            | 35          | -                    | [3] "lol"
0010 | count         | integer    | переменная         | 38          | В локальной функции  | 0                 
0011 | st            | string     | переменная         | 43          | В локальной функции  | [0] ""
0012 | FL LIT        | float      | литерал            | 45          | -                    | 23.2              
0013 | cthree        | integer    | переменная         | 55          | В ветке              | 0                 
0014 | strlen        | integer    | функция            | 56          | -                    | -
0015 | cfour         | string     | переменная         | 63          | В ветке              | [0] ""
0016 | strlen        | integer    | функция            | 64          | -                    | -
0017 | INT LIT       | integer    | литерал            | 75          | -                    | 1                 
0018 | INT LIT       | integer    | литерал            | 79          | -                    | 23                
0019 | INT LIT       | integer    | литерал            | 92          | -                    | 13                
0020 | FL LIT        | float      | литерал            | 97          | -                    | 23.45             
0021 | INT LIT       | integer    | литерал            | 106         | -                    | 10                
------------------------------------------------------------------------------------------------------------------------
Количество идентификаторов: 22
------------------------------------------------------------------------------------------------------------------------
ID: 503 Message: Не возращает нужный тип Col: 0 Line: 1
ID: 504 Message: Не соответствуют типы в операции присваивание Col: 0 Line: 3
ID: 504 Message: Не соответствуют типы в операции присваивание Col: 0 Line: 11
ID: 504 Message: Не соответствуют типы в операции присваивание Col: 0 Line: 12
ID: 502 Message: Не соответствуют типы при сравнение Col: 0 Line: 13
ID: 504 Message: Не соответствуют типы в операции присваивание Col: 0 Line: 16
ID: 501 Message: Ошибка семантическом анализаторе Col: -1 Line: -1
